<?xml version="1.0" encoding="UTF-8"?>
<robot generator="Robot 4.1.3 (Python 3.9.1 on win32)" generated="20231104 16:26:23.280" rpa="false" schemaversion="2">
<suite id="s1" name="Project Submission" source="C:\Users\nayaksu\OneDrive - Tecnotree\Desktop\DSA_Practice\MyAutomation\Eastvantage_Test\Project_Submission.robot">
<test id="s1-t1" name="New Project Submission Workflow">
<kw name="Given provided URL is accessed" type="SETUP">
<kw name="Open Browser" library="SeleniumLibrary">
<arg>${URL}</arg>
<arg>Chrome</arg>
<arg>chromedriver.exe</arg>
<arg>options=add_experimental_option("detach", True)</arg>
<doc>Opens a new browser instance to the optional ``url``.</doc>
<msg timestamp="20231104 16:26:23.626" level="INFO">Opening browser 'Chrome' to base url 'https://automationinterface1.front.staging.optimy.net/en/'.</msg>
<status status="PASS" starttime="20231104 16:26:23.625" endtime="20231104 16:26:33.189"/>
</kw>
<kw name="Maximize Browser Window" library="SeleniumLibrary">
<doc>Maximizes current browser window.</doc>
<status status="PASS" starttime="20231104 16:26:33.189" endtime="20231104 16:26:33.324"/>
</kw>
<kw name="Sleep" library="BuiltIn">
<arg>5s</arg>
<doc>Pauses the test executed for the given time.</doc>
<msg timestamp="20231104 16:26:38.326" level="INFO">Slept 5 seconds</msg>
<status status="PASS" starttime="20231104 16:26:33.325" endtime="20231104 16:26:38.326"/>
</kw>
<kw name="Wait Until Element Is Enabled" library="SeleniumLibrary">
<arg>CSS:#cookie-close-button</arg>
<doc>Waits until the element ``locator`` is enabled.</doc>
<status status="PASS" starttime="20231104 16:26:38.327" endtime="20231104 16:26:38.493"/>
</kw>
<kw name="Double Click Element" library="SeleniumLibrary">
<arg>CSS:#cookie-close-button</arg>
<doc>Double clicks the element identified by ``locator``.</doc>
<msg timestamp="20231104 16:26:38.494" level="INFO">Double clicking element 'CSS:#cookie-close-button'.</msg>
<status status="PASS" starttime="20231104 16:26:38.493" endtime="20231104 16:26:38.830"/>
</kw>
<status status="PASS" starttime="20231104 16:26:23.625" endtime="20231104 16:26:38.830"/>
</kw>
<kw name="Given provided URL is accessed">
<kw name="Open Browser" library="SeleniumLibrary">
<arg>${URL}</arg>
<arg>Chrome</arg>
<arg>chromedriver.exe</arg>
<arg>options=add_experimental_option("detach", True)</arg>
<doc>Opens a new browser instance to the optional ``url``.</doc>
<msg timestamp="20231104 16:26:38.832" level="INFO">Using existing browser from index 1.</msg>
<msg timestamp="20231104 16:26:38.832" level="INFO">Opening url 'https://automationinterface1.front.staging.optimy.net/en/'</msg>
<status status="PASS" starttime="20231104 16:26:38.831" endtime="20231104 16:26:40.123"/>
</kw>
<kw name="Maximize Browser Window" library="SeleniumLibrary">
<doc>Maximizes current browser window.</doc>
<status status="PASS" starttime="20231104 16:26:40.123" endtime="20231104 16:26:40.128"/>
</kw>
<kw name="Sleep" library="BuiltIn">
<arg>5s</arg>
<doc>Pauses the test executed for the given time.</doc>
<msg timestamp="20231104 16:26:45.134" level="INFO">Slept 5 seconds</msg>
<status status="PASS" starttime="20231104 16:26:40.128" endtime="20231104 16:26:45.134"/>
</kw>
<kw name="Wait Until Element Is Enabled" library="SeleniumLibrary">
<arg>CSS:#cookie-close-button</arg>
<doc>Waits until the element ``locator`` is enabled.</doc>
<status status="PASS" starttime="20231104 16:26:45.134" endtime="20231104 16:26:45.164"/>
</kw>
<kw name="Double Click Element" library="SeleniumLibrary">
<arg>CSS:#cookie-close-button</arg>
<doc>Double clicks the element identified by ``locator``.</doc>
<msg timestamp="20231104 16:26:45.166" level="INFO">Double clicking element 'CSS:#cookie-close-button'.</msg>
<status status="PASS" starttime="20231104 16:26:45.164" endtime="20231104 16:26:45.459"/>
</kw>
<status status="PASS" starttime="20231104 16:26:38.831" endtime="20231104 16:26:45.459"/>
</kw>
<kw name="Then login is performed using the supplied login credentials">
<kw name="Wait Until Element Is Enabled" library="SeleniumLibrary">
<arg>//a[text()='Login']</arg>
<arg>10s</arg>
<doc>Waits until the element ``locator`` is enabled.</doc>
<status status="PASS" starttime="20231104 16:26:45.460" endtime="20231104 16:26:45.494"/>
</kw>
<kw name="Click Element" library="SeleniumLibrary">
<arg>//a[text()='Login']</arg>
<doc>Click the element identified by ``locator``.</doc>
<msg timestamp="20231104 16:26:45.495" level="INFO">Clicking element '//a[text()='Login']'.</msg>
<status status="PASS" starttime="20231104 16:26:45.495" endtime="20231104 16:26:56.310"/>
</kw>
<kw name="Input Text" library="SeleniumLibrary">
<arg>CSS:#login-email</arg>
<arg>${Login_Username}</arg>
<doc>Types the given ``text`` into the text field identified by ``locator``.</doc>
<msg timestamp="20231104 16:26:56.310" level="INFO">Typing text 'optimyautomationtester@gmail.com' into text field 'CSS:#login-email'.</msg>
<status status="PASS" starttime="20231104 16:26:56.310" endtime="20231104 16:26:56.480"/>
</kw>
<kw name="Input Password" library="SeleniumLibrary">
<arg>CSS:#login-password</arg>
<arg>${Login_Password}</arg>
<doc>Types the given password into the text field identified by ``locator``.</doc>
<msg timestamp="20231104 16:26:56.481" level="INFO">Typing password into text field 'CSS:#login-password'.</msg>
<msg timestamp="20231104 16:26:56.522" level="INFO">Temporally setting log level to: NONE</msg>
<msg timestamp="20231104 16:26:56.596" level="INFO">Log level changed from NONE to INFO.</msg>
<status status="PASS" starttime="20231104 16:26:56.481" endtime="20231104 16:26:56.597"/>
</kw>
<kw name="Click Element" library="SeleniumLibrary">
<arg>CSS:button[class="btn btn-lg btn-primary col-12 mt-1 mt-md-2"]</arg>
<doc>Click the element identified by ``locator``.</doc>
<msg timestamp="20231104 16:26:56.597" level="INFO">Clicking element 'CSS:button[class="btn btn-lg btn-primary col-12 mt-1 mt-md-2"]'.</msg>
<status status="PASS" starttime="20231104 16:26:56.597" endtime="20231104 16:26:58.473"/>
</kw>
<kw name="Log To Console" library="BuiltIn">
<arg>Executed</arg>
<doc>Logs the given message to the console.</doc>
<status status="PASS" starttime="20231104 16:26:58.473" endtime="20231104 16:26:58.473"/>
</kw>
<status status="PASS" starttime="20231104 16:26:45.460" endtime="20231104 16:26:58.474"/>
</kw>
<kw name="And the action of clicking the Submit a new application button is initiated">
<kw name="Log To Console" library="BuiltIn">
<arg>Executed</arg>
<doc>Logs the given message to the console.</doc>
<status status="PASS" starttime="20231104 16:26:58.474" endtime="20231104 16:26:58.475"/>
</kw>
<kw name="Click Element" library="SeleniumLibrary">
<arg>CSS:a[class="nav-link d-block "]</arg>
<doc>Click the element identified by ``locator``.</doc>
<msg timestamp="20231104 16:26:58.475" level="INFO">Clicking element 'CSS:a[class="nav-link d-block "]'.</msg>
<status status="PASS" starttime="20231104 16:26:58.475" endtime="20231104 16:27:01.502"/>
</kw>
<status status="PASS" starttime="20231104 16:26:58.474" endtime="20231104 16:27:01.502"/>
</kw>
<kw name="Then, in the event that the &quot;Continue with the submission of the application&quot; prompt is visible">
<kw name="Run Keyword And Return Status" library="BuiltIn">
<var>${continue_button_present}</var>
<arg>Element Should Be Visible</arg>
<arg>//a[contains(text(), 'Continue with the submission of the application')]</arg>
<doc>Runs the given keyword with given arguments and returns the status as a Boolean value.</doc>
<kw name="Element Should Be Visible" library="SeleniumLibrary">
<arg>//a[contains(text(), 'Continue with the submission of the application')]</arg>
<doc>Verifies that the element identified by ``locator`` is visible.</doc>
<msg timestamp="20231104 16:27:01.540" level="INFO">Element '//a[contains(text(), 'Continue with the submission of the application')]' is displayed.</msg>
<status status="PASS" starttime="20231104 16:27:01.502" endtime="20231104 16:27:01.540"/>
</kw>
<msg timestamp="20231104 16:27:01.540" level="INFO">${continue_button_present} = True</msg>
<status status="PASS" starttime="20231104 16:27:01.502" endtime="20231104 16:27:01.540"/>
</kw>
<kw name="Set Global Variable" library="BuiltIn">
<arg>${continue_button_present}</arg>
<doc>Makes a variable available globally in all tests and suites.</doc>
<msg timestamp="20231104 16:27:01.542" level="INFO">${continue_button_present} = True</msg>
<status status="PASS" starttime="20231104 16:27:01.540" endtime="20231104 16:27:01.542"/>
</kw>
<status status="PASS" starttime="20231104 16:27:01.502" endtime="20231104 16:27:01.542"/>
</kw>
<kw name="And the submission of a new application is triggered by selecting the corresponding button located at the bottom">
<kw name="Run Keyword If" library="BuiltIn">
<arg>${continue_button_present}</arg>
<arg>Click Element</arg>
<arg>(//a[contains(text(), 'Submit a new application')])[3]</arg>
<doc>Runs the given keyword with the given arguments, if ``condition`` is true.</doc>
<kw name="Click Element" library="SeleniumLibrary">
<arg>(//a[contains(text(), 'Submit a new application')])[3]</arg>
<doc>Click the element identified by ``locator``.</doc>
<msg timestamp="20231104 16:27:01.544" level="INFO">Clicking element '(//a[contains(text(), 'Submit a new application')])[3]'.</msg>
<status status="PASS" starttime="20231104 16:27:01.543" endtime="20231104 16:27:07.440"/>
</kw>
<status status="PASS" starttime="20231104 16:27:01.543" endtime="20231104 16:27:07.440"/>
</kw>
<status status="PASS" starttime="20231104 16:27:01.542" endtime="20231104 16:27:07.440"/>
</kw>
<kw name="And all mandatory forms are completed with the required data">
<kw name="Generate Random String" library="String">
<var>${FirstName}</var>
<arg>6</arg>
<arg>ABCDEF</arg>
<doc>Generates a string with a desired ``length`` from the given ``chars``.</doc>
<msg timestamp="20231104 16:27:07.442" level="INFO">${FirstName} = EEDDEB</msg>
<status status="PASS" starttime="20231104 16:27:07.442" endtime="20231104 16:27:07.442"/>
</kw>
<kw name="Set Global Variable" library="BuiltIn">
<arg>${FirstName}</arg>
<doc>Makes a variable available globally in all tests and suites.</doc>
<msg timestamp="20231104 16:27:07.443" level="INFO">${FirstName} = EEDDEB</msg>
<status status="PASS" starttime="20231104 16:27:07.442" endtime="20231104 16:27:07.443"/>
</kw>
<kw name="Generate Random String" library="String">
<var>${LastName}</var>
<arg>6</arg>
<arg>GHIJKL</arg>
<doc>Generates a string with a desired ``length`` from the given ``chars``.</doc>
<msg timestamp="20231104 16:27:07.443" level="INFO">${LastName} = IJKHLJ</msg>
<status status="PASS" starttime="20231104 16:27:07.443" endtime="20231104 16:27:07.443"/>
</kw>
<kw name="Set Global Variable" library="BuiltIn">
<arg>${LastName}</arg>
<doc>Makes a variable available globally in all tests and suites.</doc>
<msg timestamp="20231104 16:27:07.444" level="INFO">${LastName} = IJKHLJ</msg>
<status status="PASS" starttime="20231104 16:27:07.443" endtime="20231104 16:27:07.444"/>
</kw>
<kw name="Generate Random String" library="String">
<var>${Address}</var>
<arg>6</arg>
<arg>MNOPQR</arg>
<doc>Generates a string with a desired ``length`` from the given ``chars``.</doc>
<msg timestamp="20231104 16:27:07.444" level="INFO">${Address} = RRPQPN</msg>
<status status="PASS" starttime="20231104 16:27:07.444" endtime="20231104 16:27:07.444"/>
</kw>
<kw name="Set Global Variable" library="BuiltIn">
<arg>${Address}</arg>
<doc>Makes a variable available globally in all tests and suites.</doc>
<msg timestamp="20231104 16:27:07.445" level="INFO">${Address} = RRPQPN</msg>
<status status="PASS" starttime="20231104 16:27:07.444" endtime="20231104 16:27:07.445"/>
</kw>
<kw name="Input Text" library="SeleniumLibrary">
<arg>id:629d7b5a-f6a1-5a14-ac1d-21b2fafdbdef</arg>
<arg>${FirstName}</arg>
<doc>Types the given ``text`` into the text field identified by ``locator``.</doc>
<msg timestamp="20231104 16:27:07.446" level="INFO">Typing text 'EEDDEB' into text field 'id:629d7b5a-f6a1-5a14-ac1d-21b2fafdbdef'.</msg>
<status status="PASS" starttime="20231104 16:27:07.445" endtime="20231104 16:27:07.550"/>
</kw>
<kw name="Input Text" library="SeleniumLibrary">
<arg>id:23e5e47e-bab1-5a1e-9929-f180182bda43</arg>
<arg>${LastName}</arg>
<doc>Types the given ``text`` into the text field identified by ``locator``.</doc>
<msg timestamp="20231104 16:27:07.551" level="INFO">Typing text 'IJKHLJ' into text field 'id:23e5e47e-bab1-5a1e-9929-f180182bda43'.</msg>
<status status="PASS" starttime="20231104 16:27:07.550" endtime="20231104 16:27:07.671"/>
</kw>
<kw name="Input Text" library="SeleniumLibrary">
<arg>id:7172c3f2-f508-5f9c-82a1-11ce9d0f3edc::c3f44a2e-72e9-587b-b88c-b5c9fbeed2db</arg>
<arg>${Address}</arg>
<doc>Types the given ``text`` into the text field identified by ``locator``.</doc>
<msg timestamp="20231104 16:27:07.671" level="INFO">Typing text 'RRPQPN' into text field 'id:7172c3f2-f508-5f9c-82a1-11ce9d0f3edc::c3f44a2e-72e9-587b-b88c-b5c9fbeed2db'.</msg>
<status status="PASS" starttime="20231104 16:27:07.671" endtime="20231104 16:27:07.762"/>
</kw>
<kw name="Set Variable" library="BuiltIn">
<var>${input_locator}</var>
<arg>//input[@aria-label="Select postal code"]</arg>
<doc>Returns the given values which can then be assigned to a variables.</doc>
<msg timestamp="20231104 16:27:07.763" level="INFO">${input_locator} = //input[@aria-label="Select postal code"]</msg>
<status status="PASS" starttime="20231104 16:27:07.762" endtime="20231104 16:27:07.763"/>
</kw>
<kw name="Input Text" library="SeleniumLibrary">
<arg>${input_locator}</arg>
<arg>1000</arg>
<doc>Types the given ``text`` into the text field identified by ``locator``.</doc>
<msg timestamp="20231104 16:27:07.763" level="INFO">Typing text '1000' into text field '//input[@aria-label="Select postal code"]'.</msg>
<status status="PASS" starttime="20231104 16:27:07.763" endtime="20231104 16:27:07.881"/>
</kw>
<kw name="Wait Until Element Is Enabled" library="SeleniumLibrary">
<arg>//li/a[@class='ui-corner-all']</arg>
<arg>10s</arg>
<doc>Waits until the element ``locator`` is enabled.</doc>
<status status="PASS" starttime="20231104 16:27:07.881" endtime="20231104 16:27:08.844"/>
</kw>
<kw name="Click Element" library="SeleniumLibrary">
<arg>//li/a[@class='ui-corner-all']</arg>
<doc>Click the element identified by ``locator``.</doc>
<msg timestamp="20231104 16:27:08.844" level="INFO">Clicking element '//li/a[@class='ui-corner-all']'.</msg>
<status status="PASS" starttime="20231104 16:27:08.844" endtime="20231104 16:27:08.895"/>
</kw>
<kw name="Sleep" library="BuiltIn">
<arg>2s</arg>
<doc>Pauses the test executed for the given time.</doc>
<msg timestamp="20231104 16:27:10.898" level="INFO">Slept 2 seconds</msg>
<status status="PASS" starttime="20231104 16:27:08.895" endtime="20231104 16:27:10.898"/>
</kw>
<kw name="Click Element" library="SeleniumLibrary">
<arg>//select/option[@value='AF']</arg>
<doc>Click the element identified by ``locator``.</doc>
<msg timestamp="20231104 16:27:10.899" level="INFO">Clicking element '//select/option[@value='AF']'.</msg>
<status status="PASS" starttime="20231104 16:27:10.899" endtime="20231104 16:27:10.964"/>
</kw>
<kw name="Execute Javascript" library="SeleniumLibrary">
<arg>document.querySelector('input[type="file"]').style.display = 'block';</arg>
<doc>Executes the given JavaScript code with possible arguments.</doc>
<msg timestamp="20231104 16:27:10.966" level="INFO">Executing JavaScript:
document.querySelector('input[type="file"]').style.display = 'block';
Without any arguments.</msg>
<status status="PASS" starttime="20231104 16:27:10.964" endtime="20231104 16:27:10.981"/>
</kw>
<kw name="Choose File" library="SeleniumLibrary">
<arg>xpath://input[@type='file']</arg>
<arg>${file_path}</arg>
<doc>Inputs the ``file_path`` into the file input field ``locator``.</doc>
<msg timestamp="20231104 16:27:10.982" level="INFO">Sending C:\Users\nayaksu\OneDrive - Tecnotree\Desktop\DSA_Practice\MyAutomation\Eastvantage_Test\Image.jpg to browser.</msg>
<status status="PASS" starttime="20231104 16:27:10.981" endtime="20231104 16:27:11.032"/>
</kw>
<kw name="Sleep" library="BuiltIn">
<arg>5s</arg>
<doc>Pauses the test executed for the given time.</doc>
<msg timestamp="20231104 16:27:16.043" level="INFO">Slept 5 seconds</msg>
<status status="PASS" starttime="20231104 16:27:11.032" endtime="20231104 16:27:16.043"/>
</kw>
<kw name="Wait Until Element Is Enabled" library="SeleniumLibrary">
<arg>//div[contains(text(), 'Male')]</arg>
<arg>10s</arg>
<doc>Waits until the element ``locator`` is enabled.</doc>
<status status="PASS" starttime="20231104 16:27:16.044" endtime="20231104 16:27:16.112"/>
</kw>
<kw name="Click Element" library="SeleniumLibrary">
<arg>//div[contains(text(), 'Male')]</arg>
<doc>Click the element identified by ``locator``.</doc>
<msg timestamp="20231104 16:27:16.113" level="INFO">Clicking element '//div[contains(text(), 'Male')]'.</msg>
<status status="PASS" starttime="20231104 16:27:16.113" endtime="20231104 16:27:16.179"/>
</kw>
<kw name="Sleep" library="BuiltIn">
<arg>2s</arg>
<doc>Pauses the test executed for the given time.</doc>
<msg timestamp="20231104 16:27:18.183" level="INFO">Slept 2 seconds</msg>
<status status="PASS" starttime="20231104 16:27:16.179" endtime="20231104 16:27:18.183"/>
</kw>
<kw name="Click Element" library="SeleniumLibrary">
<arg>//select[@id="field_f801d7d8-0762-5407-95f9-b8c3a793157c"]</arg>
<doc>Click the element identified by ``locator``.</doc>
<msg timestamp="20231104 16:27:18.183" level="INFO">Clicking element '//select[@id="field_f801d7d8-0762-5407-95f9-b8c3a793157c"]'.</msg>
<status status="PASS" starttime="20231104 16:27:18.183" endtime="20231104 16:27:18.281"/>
</kw>
<kw name="Sleep" library="BuiltIn">
<arg>2s</arg>
<doc>Pauses the test executed for the given time.</doc>
<msg timestamp="20231104 16:27:20.289" level="INFO">Slept 2 seconds</msg>
<status status="PASS" starttime="20231104 16:27:18.282" endtime="20231104 16:27:20.289"/>
</kw>
<kw name="Click Element" library="SeleniumLibrary">
<arg>//select/option[@value='6365118b-637a-5297-b56d-e7c8b9a60ce0']</arg>
<doc>Click the element identified by ``locator``.</doc>
<msg timestamp="20231104 16:27:20.290" level="INFO">Clicking element '//select/option[@value='6365118b-637a-5297-b56d-e7c8b9a60ce0']'.</msg>
<status status="PASS" starttime="20231104 16:27:20.289" endtime="20231104 16:27:20.361"/>
</kw>
<kw name="Wait Until Element Is Enabled" library="SeleniumLibrary">
<arg>//div[contains(text(), 'JIRA')]</arg>
<arg>10s</arg>
<doc>Waits until the element ``locator`` is enabled.</doc>
<status status="PASS" starttime="20231104 16:27:20.363" endtime="20231104 16:27:20.390"/>
</kw>
<kw name="Click Element" library="SeleniumLibrary">
<arg>//div[contains(text(), 'JIRA')]</arg>
<doc>Click the element identified by ``locator``.</doc>
<msg timestamp="20231104 16:27:20.391" level="INFO">Clicking element '//div[contains(text(), 'JIRA')]'.</msg>
<status status="PASS" starttime="20231104 16:27:20.390" endtime="20231104 16:27:20.468"/>
</kw>
<kw name="Wait Until Element Is Enabled" library="SeleniumLibrary">
<arg>//div[contains(text(), 'Test management tool')]</arg>
<arg>10s</arg>
<doc>Waits until the element ``locator`` is enabled.</doc>
<status status="PASS" starttime="20231104 16:27:20.469" endtime="20231104 16:27:20.503"/>
</kw>
<kw name="Click Element" library="SeleniumLibrary">
<arg>//div[contains(text(), 'Test management tool')]</arg>
<doc>Click the element identified by ``locator``.</doc>
<msg timestamp="20231104 16:27:20.503" level="INFO">Clicking element '//div[contains(text(), 'Test management tool')]'.</msg>
<status status="PASS" starttime="20231104 16:27:20.503" endtime="20231104 16:27:20.559"/>
</kw>
<kw name="Wait Until Element Is Enabled" library="SeleniumLibrary">
<arg>//div[contains(text(), 'MySQLi')]</arg>
<arg>10s</arg>
<doc>Waits until the element ``locator`` is enabled.</doc>
<status status="PASS" starttime="20231104 16:27:20.559" endtime="20231104 16:27:20.595"/>
</kw>
<kw name="Click Element" library="SeleniumLibrary">
<arg>//div[contains(text(), 'MySQLi')]</arg>
<doc>Click the element identified by ``locator``.</doc>
<msg timestamp="20231104 16:27:20.596" level="INFO">Clicking element '//div[contains(text(), 'MySQLi')]'.</msg>
<status status="PASS" starttime="20231104 16:27:20.595" endtime="20231104 16:27:20.649"/>
</kw>
<kw name="Wait Until Element Is Enabled" library="SeleniumLibrary">
<arg>//div[contains(text(), 'Python')]</arg>
<arg>10s</arg>
<doc>Waits until the element ``locator`` is enabled.</doc>
<status status="PASS" starttime="20231104 16:27:20.649" endtime="20231104 16:27:20.683"/>
</kw>
<kw name="Click Element" library="SeleniumLibrary">
<arg>//div[contains(text(), 'Python')]</arg>
<doc>Click the element identified by ``locator``.</doc>
<msg timestamp="20231104 16:27:20.683" level="INFO">Clicking element '//div[contains(text(), 'Python')]'.</msg>
<status status="PASS" starttime="20231104 16:27:20.683" endtime="20231104 16:27:20.730"/>
</kw>
<kw name="Wait Until Element Is Enabled" library="SeleniumLibrary">
<arg>//div[contains(text(), 'Robot')]</arg>
<arg>10s</arg>
<doc>Waits until the element ``locator`` is enabled.</doc>
<status status="PASS" starttime="20231104 16:27:20.730" endtime="20231104 16:27:20.762"/>
</kw>
<kw name="Click Element" library="SeleniumLibrary">
<arg>//div[contains(text(), 'Robot')]</arg>
<doc>Click the element identified by ``locator``.</doc>
<msg timestamp="20231104 16:27:20.763" level="INFO">Clicking element '//div[contains(text(), 'Robot')]'.</msg>
<status status="PASS" starttime="20231104 16:27:20.763" endtime="20231104 16:27:20.822"/>
</kw>
<kw name="Generate Random String" library="String">
<var>${Random_Text}</var>
<arg>30</arg>
<arg>ABCDEFHILJYTIHUECF</arg>
<doc>Generates a string with a desired ``length`` from the given ``chars``.</doc>
<msg timestamp="20231104 16:27:20.824" level="INFO">${Random_Text} = DLIUDEDUFCEYJLUELFACDYYLTDBBFE</msg>
<status status="PASS" starttime="20231104 16:27:20.824" endtime="20231104 16:27:20.824"/>
</kw>
<kw name="Set Global Variable" library="BuiltIn">
<arg>${Random_Text}</arg>
<doc>Makes a variable available globally in all tests and suites.</doc>
<msg timestamp="20231104 16:27:20.825" level="INFO">${Random_Text} = DLIUDEDUFCEYJLUELFACDYYLTDBBFE</msg>
<status status="PASS" starttime="20231104 16:27:20.824" endtime="20231104 16:27:20.825"/>
</kw>
<kw name="Select Frame" library="SeleniumLibrary">
<arg>//iframe[@title="Editor, 91296806-02e6-5bb5-bac0-deb4cbf64a64::42b16795-740d-5d97-b972-a3643510eb01"]</arg>
<doc>Sets frame identified by ``locator`` as the current frame.</doc>
<msg timestamp="20231104 16:27:20.825" level="INFO">Selecting frame '//iframe[@title="Editor, 91296806-02e6-5bb5-bac0-deb4cbf64a64::42b16795-740d-5d97-b972-a3643510eb01"]'.</msg>
<status status="PASS" starttime="20231104 16:27:20.825" endtime="20231104 16:27:20.863"/>
</kw>
<kw name="Input Text" library="SeleniumLibrary">
<arg>//body[@class='cke_editable cke_editable_themed cke_contents_ltr cke_show_borders']</arg>
<arg>${Random_Text}</arg>
<doc>Types the given ``text`` into the text field identified by ``locator``.</doc>
<msg timestamp="20231104 16:27:20.863" level="INFO">Typing text 'DLIUDEDUFCEYJLUELFACDYYLTDBBFE' into text field '//body[@class='cke_editable cke_editable_themed cke_contents_ltr cke_show_borders']'.</msg>
<status status="PASS" starttime="20231104 16:27:20.863" endtime="20231104 16:27:21.045"/>
</kw>
<kw name="Unselect Frame" library="SeleniumLibrary">
<doc>Sets the main frame as the current frame.</doc>
<status status="PASS" starttime="20231104 16:27:21.046" endtime="20231104 16:27:21.049"/>
</kw>
<status status="PASS" starttime="20231104 16:27:07.442" endtime="20231104 16:27:21.049"/>
</kw>
<kw name="And navigation to the subsequent screen is executed by selecting the &quot;Next screen&quot; button">
<kw name="Click Button" library="SeleniumLibrary">
<arg>CSS:#navButtonNext</arg>
<doc>Clicks the button identified by ``locator``.</doc>
<msg timestamp="20231104 16:27:21.050" level="INFO">Clicking button 'CSS:#navButtonNext'.</msg>
<status status="PASS" starttime="20231104 16:27:21.050" endtime="20231104 16:27:21.141"/>
</kw>
<status status="PASS" starttime="20231104 16:27:21.050" endtime="20231104 16:27:21.141"/>
</kw>
<kw name="Then a validation check is performed to ensure that all the provided input values are correctly displayed in the Summary screen">
<kw name="Wait Until Element Is Enabled" library="SeleniumLibrary">
<arg>(//div[@class='form-group answers'])[1]</arg>
<arg>10s</arg>
<doc>Waits until the element ``locator`` is enabled.</doc>
<status status="PASS" starttime="20231104 16:27:21.143" endtime="20231104 16:27:26.532"/>
</kw>
<kw name="Get Text" library="SeleniumLibrary">
<var>${Summary_First_name}</var>
<arg>(//div[@class='form-group answers'])[1]</arg>
<doc>Returns the text value of the element identified by ``locator``.</doc>
<msg timestamp="20231104 16:27:26.555" level="INFO">${Summary_First_name} = EEDDEB</msg>
<status status="PASS" starttime="20231104 16:27:26.532" endtime="20231104 16:27:26.555"/>
</kw>
<kw name="Should Be Equal As Strings" library="BuiltIn">
<arg>${Summary_First_name}</arg>
<arg>${FirstName}</arg>
<doc>Fails if objects are unequal after converting them to strings.</doc>
<status status="PASS" starttime="20231104 16:27:26.555" endtime="20231104 16:27:26.555"/>
</kw>
<kw name="Log To Console" library="BuiltIn">
<arg>Firat Name is correct ${Summary_First_name}</arg>
<doc>Logs the given message to the console.</doc>
<status status="PASS" starttime="20231104 16:27:26.555" endtime="20231104 16:27:26.555"/>
</kw>
<kw name="Get Text" library="SeleniumLibrary">
<var>${Summary_Last_name}</var>
<arg>(//div[@class='form-group answers'])[2]</arg>
<doc>Returns the text value of the element identified by ``locator``.</doc>
<msg timestamp="20231104 16:27:26.577" level="INFO">${Summary_Last_name} = IJKHLJ</msg>
<status status="PASS" starttime="20231104 16:27:26.555" endtime="20231104 16:27:26.577"/>
</kw>
<kw name="Should Be Equal As Strings" library="BuiltIn">
<arg>${Summary_Last_name}</arg>
<arg>${LastName}</arg>
<doc>Fails if objects are unequal after converting them to strings.</doc>
<status status="PASS" starttime="20231104 16:27:26.577" endtime="20231104 16:27:26.579"/>
</kw>
<kw name="Log To Console" library="BuiltIn">
<arg>Last name is correct ${Summary_Last_name}</arg>
<doc>Logs the given message to the console.</doc>
<status status="PASS" starttime="20231104 16:27:26.579" endtime="20231104 16:27:26.579"/>
</kw>
<kw name="Get Text" library="SeleniumLibrary">
<var>${Summary_Address}</var>
<arg>(//div/p[@class='mb-0'])[3]</arg>
<doc>Returns the text value of the element identified by ``locator``.</doc>
<msg timestamp="20231104 16:27:26.603" level="INFO">${Summary_Address} = RRPQPN</msg>
<status status="PASS" starttime="20231104 16:27:26.579" endtime="20231104 16:27:26.604"/>
</kw>
<kw name="Should Be Equal As Strings" library="BuiltIn">
<arg>${Summary_Address}</arg>
<arg>${Address}</arg>
<doc>Fails if objects are unequal after converting them to strings.</doc>
<status status="PASS" starttime="20231104 16:27:26.604" endtime="20231104 16:27:26.604"/>
</kw>
<kw name="Log To Console" library="BuiltIn">
<arg>Address is correct ${Summary_Address}</arg>
<doc>Logs the given message to the console.</doc>
<status status="PASS" starttime="20231104 16:27:26.604" endtime="20231104 16:27:26.604"/>
</kw>
<kw name="Get Text" library="SeleniumLibrary">
<var>${Summary_Postal_Code}</var>
<arg>CSS:#container_e57df0b5-c2ad-514a-967f-ee8b962f5ed4</arg>
<doc>Returns the text value of the element identified by ``locator``.</doc>
<msg timestamp="20231104 16:27:26.628" level="INFO">${Summary_Postal_Code} = 1000 - Bruxelles / Brussel</msg>
<status status="PASS" starttime="20231104 16:27:26.605" endtime="20231104 16:27:26.629"/>
</kw>
<kw name="Should Contain" library="BuiltIn">
<arg>${Summary_Postal_Code}</arg>
<arg>1000</arg>
<doc>Fails if ``container`` does not contain ``item`` one or more times.</doc>
<status status="PASS" starttime="20231104 16:27:26.629" endtime="20231104 16:27:26.629"/>
</kw>
<kw name="Log To Console" library="BuiltIn">
<arg>Postal code is correct ${Summary_Postal_Code}</arg>
<doc>Logs the given message to the console.</doc>
<status status="PASS" starttime="20231104 16:27:26.630" endtime="20231104 16:27:26.631"/>
</kw>
<kw name="Get Text" library="SeleniumLibrary">
<var>${Summary_Country}</var>
<arg>CSS:#container_7e595970-fc12-558c-9eaf-385735fcae6b</arg>
<doc>Returns the text value of the element identified by ``locator``.</doc>
<msg timestamp="20231104 16:27:26.659" level="INFO">${Summary_Country} = Afghanistan</msg>
<status status="PASS" starttime="20231104 16:27:26.632" endtime="20231104 16:27:26.659"/>
</kw>
<kw name="Should Contain" library="BuiltIn">
<arg>${Summary_Country}</arg>
<arg>Afghanistan</arg>
<doc>Fails if ``container`` does not contain ``item`` one or more times.</doc>
<status status="PASS" starttime="20231104 16:27:26.659" endtime="20231104 16:27:26.659"/>
</kw>
<kw name="Log To Console" library="BuiltIn">
<arg>Country is correct ${Summary_Country}</arg>
<doc>Logs the given message to the console.</doc>
<status status="PASS" starttime="20231104 16:27:26.659" endtime="20231104 16:27:26.659"/>
</kw>
<kw name="Get Text" library="SeleniumLibrary">
<var>${Summary_Gender}</var>
<arg>CSS:#container_f3fa11a5-a516-5cec-9025-b940b1b113d0</arg>
<doc>Returns the text value of the element identified by ``locator``.</doc>
<msg timestamp="20231104 16:27:26.688" level="INFO">${Summary_Gender} = Male</msg>
<status status="PASS" starttime="20231104 16:27:26.659" endtime="20231104 16:27:26.688"/>
</kw>
<kw name="Should Contain" library="BuiltIn">
<arg>${Summary_Gender}</arg>
<arg>Male</arg>
<doc>Fails if ``container`` does not contain ``item`` one or more times.</doc>
<status status="PASS" starttime="20231104 16:27:26.688" endtime="20231104 16:27:26.688"/>
</kw>
<kw name="Log To Console" library="BuiltIn">
<arg>Gender is correct ${Summary_Gender}</arg>
<doc>Logs the given message to the console.</doc>
<status status="PASS" starttime="20231104 16:27:26.688" endtime="20231104 16:27:26.688"/>
</kw>
<kw name="Get Text" library="SeleniumLibrary">
<var>${Summary_Role}</var>
<arg>(//div/p[@class='answer view mb-0 '])</arg>
<doc>Returns the text value of the element identified by ``locator``.</doc>
<msg timestamp="20231104 16:27:26.718" level="INFO">${Summary_Role} = Manual + Automation tester</msg>
<status status="PASS" starttime="20231104 16:27:26.688" endtime="20231104 16:27:26.718"/>
</kw>
<kw name="Should Contain" library="BuiltIn">
<arg>${Summary_Role}</arg>
<arg>Manual + Au</arg>
<doc>Fails if ``container`` does not contain ``item`` one or more times.</doc>
<status status="PASS" starttime="20231104 16:27:26.718" endtime="20231104 16:27:26.718"/>
</kw>
<kw name="Log To Console" library="BuiltIn">
<arg>Role is correct ${Summary_Role}</arg>
<doc>Logs the given message to the console.</doc>
<status status="PASS" starttime="20231104 16:27:26.718" endtime="20231104 16:27:26.718"/>
</kw>
<kw name="Get Text" library="SeleniumLibrary">
<var>${Summary_Objective}</var>
<arg>CSS:#container_91296806-02e6-5bb5-bac0-deb4cbf64a64</arg>
<doc>Returns the text value of the element identified by ``locator``.</doc>
<msg timestamp="20231104 16:27:26.750" level="INFO">${Summary_Objective} = What is your career objective?
DLIUDEDUFCEYJLUELFACDYYLTDBBFE</msg>
<status status="PASS" starttime="20231104 16:27:26.718" endtime="20231104 16:27:26.750"/>
</kw>
<kw name="Should Contain" library="BuiltIn">
<arg>${Summary_Objective}</arg>
<arg>${Random_Text}</arg>
<doc>Fails if ``container`` does not contain ``item`` one or more times.</doc>
<status status="PASS" starttime="20231104 16:27:26.750" endtime="20231104 16:27:26.750"/>
</kw>
<kw name="Log To Console" library="BuiltIn">
<arg>Role is correct ${Random_Text}</arg>
<doc>Logs the given message to the console.</doc>
<status status="PASS" starttime="20231104 16:27:26.751" endtime="20231104 16:27:26.751"/>
</kw>
<status status="PASS" starttime="20231104 16:27:21.141" endtime="20231104 16:27:26.751"/>
</kw>
<kw name="And the submission process is executed by selecting the &quot;Validate and send&quot; button">
<kw name="Wait Until Element Is Enabled" library="SeleniumLibrary">
<arg>(//button[@type='submit'])[4]</arg>
<arg>10s</arg>
<doc>Waits until the element ``locator`` is enabled.</doc>
<status status="PASS" starttime="20231104 16:27:26.753" endtime="20231104 16:27:26.789"/>
</kw>
<kw name="Click Button" library="SeleniumLibrary">
<arg>(//button[@type='submit'])[4]</arg>
<doc>Clicks the button identified by ``locator``.</doc>
<msg timestamp="20231104 16:27:26.789" level="INFO">Clicking button '(//button[@type='submit'])[4]'.</msg>
<status status="PASS" starttime="20231104 16:27:26.789" endtime="20231104 16:27:26.867"/>
</kw>
<status status="PASS" starttime="20231104 16:27:26.752" endtime="20231104 16:27:26.868"/>
</kw>
<kw name="Then successful redirection to the &quot;Thank you for submitting your project&quot; page is verified">
<kw name="Wait Until Element Is Enabled" library="SeleniumLibrary">
<arg>(//div/h1[@class='h1 text-center'])</arg>
<arg>10s</arg>
<doc>Waits until the element ``locator`` is enabled.</doc>
<status status="PASS" starttime="20231104 16:27:26.870" endtime="20231104 16:27:30.468"/>
</kw>
<kw name="Get Text" library="SeleniumLibrary">
<var>${Final_Confirm_Msg}</var>
<arg>(//div/h1[@class='h1 text-center'])</arg>
<doc>Returns the text value of the element identified by ``locator``.</doc>
<msg timestamp="20231104 16:27:30.484" level="INFO">${Final_Confirm_Msg} = Thank you for submitting your project</msg>
<status status="PASS" starttime="20231104 16:27:30.468" endtime="20231104 16:27:30.485"/>
</kw>
<kw name="Should Be Equal As Strings" library="BuiltIn">
<arg>${Final_Confirm_Msg}</arg>
<arg>Thank you for submitting your project</arg>
<doc>Fails if objects are unequal after converting them to strings.</doc>
<status status="PASS" starttime="20231104 16:27:30.485" endtime="20231104 16:27:30.485"/>
</kw>
<status status="PASS" starttime="20231104 16:27:26.869" endtime="20231104 16:27:30.485"/>
</kw>
<status status="PASS" starttime="20231104 16:26:23.624" endtime="20231104 16:27:30.486"/>
</test>
<doc>This Test Suite performs project submission in UI</doc>
<status status="PASS" starttime="20231104 16:26:23.284" endtime="20231104 16:27:30.487"/>
</suite>
<statistics>
<total>
<stat pass="1" fail="0" skip="0">All Tests</stat>
</total>
<tag>
</tag>
<suite>
<stat pass="1" fail="0" skip="0" id="s1" name="Project Submission">Project Submission</stat>
</suite>
</statistics>
<errors>
</errors>
</robot>
